2016-01-11 14:19:08.412 [IPControllerApp] Hub listening on tcp://*:48895 for registration.
2016-01-11 14:19:08.414 [IPControllerApp] Hub using DB backend: 'NoDB'
2016-01-11 14:19:08.677 [IPControllerApp] hub::created hub
2016-01-11 14:19:08.677 [IPControllerApp] writing connection info to /curc/tools/x86_64/rh6/software/python_packages/3.4.3/intel/15.0.2/jupyterhub/0.2.0/Ipython/profile_slurm_04/security/ipcontroller-client.json
2016-01-11 14:19:08.682 [IPControllerApp] writing connection info to /curc/tools/x86_64/rh6/software/python_packages/3.4.3/intel/15.0.2/jupyterhub/0.2.0/Ipython/profile_slurm_04/security/ipcontroller-engine.json
2016-01-11 14:19:08.687 [IPControllerApp] task::using Python leastload Task scheduler
2016-01-11 14:19:08.688 [IPControllerApp] Heartmonitor started
2016-01-11 14:19:08.696 [IPControllerApp] Creating pid file: /curc/tools/x86_64/rh6/software/python_packages/3.4.3/intel/15.0.2/jupyterhub/0.2.0/Ipython/profile_slurm_04/pid/ipcontroller.pid
2016-01-11 14:19:08.703 [IPControllerApp] client::client b'\x00\xbf\x15B\xce' requested 'connection_request'
2016-01-11 14:19:08.703 [IPControllerApp] client::client [b'\x00\xbf\x15B\xce'] connected
2016-01-11 14:19:13.343 [IPControllerApp] client::client b'24b03fc8-02b2-4f18-86c4-07ac37d8294b' requested 'registration_request'
2016-01-11 14:19:13.344 [IPControllerApp] client::client b'a487f312-bb9a-416e-abd8-8963e4ad33c1' requested 'registration_request'
2016-01-11 14:19:13.345 [IPControllerApp] client::client b'e08bb1ae-1d84-46f5-8586-e8b94464d976' requested 'registration_request'
2016-01-11 14:19:14.331 [IPControllerApp] client::client b'2de1c042-1d7a-41d6-95ad-5d2233bd2d6c' requested 'registration_request'
2016-01-11 14:19:15.235 [IPControllerApp] client::client b'\x00\xbf\x15B\xcf' requested 'connection_request'
2016-01-11 14:19:15.235 [IPControllerApp] client::client [b'\x00\xbf\x15B\xcf'] connected
2016-01-11 14:19:16.576 [IPControllerApp] client::client b'84b68133-bacd-4702-9fe2-c4523fc1fcb3' requested 'registration_request'
2016-01-11 14:19:16.577 [IPControllerApp] client::client b'c4e7d4c9-32c5-4b6c-aff3-8d207e84738d' requested 'registration_request'
2016-01-11 14:19:16.578 [IPControllerApp] client::client b'7d882ccc-4421-47ab-950e-d11a8c3ccca1' requested 'registration_request'
2016-01-11 14:19:17.569 [IPControllerApp] client::client b'a7d2832b-629e-4f4e-aec9-8e1bb7566689' requested 'registration_request'
2016-01-11 14:19:17.688 [IPControllerApp] registration::finished registering engine 1:a487f312-bb9a-416e-abd8-8963e4ad33c1
2016-01-11 14:19:17.688 [IPControllerApp] engine::Engine Connected: 1
2016-01-11 14:19:17.693 [IPControllerApp] registration::finished registering engine 0:24b03fc8-02b2-4f18-86c4-07ac37d8294b
2016-01-11 14:19:17.693 [IPControllerApp] engine::Engine Connected: 0
2016-01-11 14:19:17.696 [IPControllerApp] registration::finished registering engine 2:e08bb1ae-1d84-46f5-8586-e8b94464d976
2016-01-11 14:19:17.697 [IPControllerApp] engine::Engine Connected: 2
2016-01-11 14:19:17.700 [IPControllerApp] registration::finished registering engine 3:2de1c042-1d7a-41d6-95ad-5d2233bd2d6c
2016-01-11 14:19:17.700 [IPControllerApp] engine::Engine Connected: 3
2016-01-11 14:19:20.690 [IPControllerApp] registration::finished registering engine 5:c4e7d4c9-32c5-4b6c-aff3-8d207e84738d
2016-01-11 14:19:20.690 [IPControllerApp] engine::Engine Connected: 5
2016-01-11 14:19:20.694 [IPControllerApp] registration::finished registering engine 7:a7d2832b-629e-4f4e-aec9-8e1bb7566689
2016-01-11 14:19:20.695 [IPControllerApp] engine::Engine Connected: 7
2016-01-11 14:19:20.699 [IPControllerApp] registration::finished registering engine 4:84b68133-bacd-4702-9fe2-c4523fc1fcb3
2016-01-11 14:19:20.699 [IPControllerApp] engine::Engine Connected: 4
2016-01-11 14:19:20.702 [IPControllerApp] registration::finished registering engine 6:7d882ccc-4421-47ab-950e-d11a8c3ccca1
2016-01-11 14:19:20.703 [IPControllerApp] engine::Engine Connected: 6
2016-01-11 14:20:20.321 [IPControllerApp] client::client b'\x00\xbf\x15B\xd0' requested 'connection_request'
2016-01-11 14:20:20.322 [IPControllerApp] client::client [b'\x00\xbf\x15B\xd0'] connected
2016-01-11 14:20:20.328 [IPControllerApp] queue::client b'\x00Ai\xd25' submitted request '95c6da2c-1171-45d1-ba8b-53be46a86753' to 0
2016-01-11 14:20:20.328 [IPControllerApp] queue::client b'\x00Ai\xd25' submitted request '07c32c02-93f7-4c42-98a5-32bdb3f96bfb' to 1
2016-01-11 14:20:20.328 [IPControllerApp] queue::client b'\x00Ai\xd25' submitted request '24aaf281-17da-47c9-afa1-97c7e8c74e0a' to 2
2016-01-11 14:20:20.329 [IPControllerApp] queue::client b'\x00Ai\xd25' submitted request '83450d2c-4fc1-4c46-a675-acff5372e5e8' to 3
2016-01-11 14:20:20.329 [IPControllerApp] queue::client b'\x00Ai\xd25' submitted request 'f8ab1e4e-3fe7-4965-9d0d-6b37d2f52592' to 4
2016-01-11 14:20:20.330 [IPControllerApp] queue::client b'\x00Ai\xd25' submitted request '38a236bf-6fba-4480-98b9-5ebeb724db67' to 5
2016-01-11 14:20:20.331 [IPControllerApp] queue::client b'\x00Ai\xd25' submitted request '25161a40-8f57-4489-8acb-32a9bfc2cea2' to 6
2016-01-11 14:20:20.331 [IPControllerApp] queue::client b'\x00Ai\xd25' submitted request '81f6fa6a-5fd0-4fe1-bfc9-d35b960ef564' to 7
2016-01-11 14:20:20.333 [IPControllerApp] queue::request '95c6da2c-1171-45d1-ba8b-53be46a86753' completed on 0
2016-01-11 14:20:20.334 [IPControllerApp] queue::request '07c32c02-93f7-4c42-98a5-32bdb3f96bfb' completed on 1
2016-01-11 14:20:20.335 [IPControllerApp] queue::request '24aaf281-17da-47c9-afa1-97c7e8c74e0a' completed on 2
2016-01-11 14:20:20.335 [IPControllerApp] queue::request '83450d2c-4fc1-4c46-a675-acff5372e5e8' completed on 3
2016-01-11 14:20:20.336 [IPControllerApp] queue::request 'f8ab1e4e-3fe7-4965-9d0d-6b37d2f52592' completed on 4
2016-01-11 14:20:20.337 [IPControllerApp] queue::request '25161a40-8f57-4489-8acb-32a9bfc2cea2' completed on 6
2016-01-11 14:20:20.338 [IPControllerApp] queue::request '38a236bf-6fba-4480-98b9-5ebeb724db67' completed on 5
2016-01-11 14:20:20.338 [IPControllerApp] queue::request '81f6fa6a-5fd0-4fe1-bfc9-d35b960ef564' completed on 7
2016-01-11 14:20:34.884 [IPControllerApp] client::client b'\x00\xbf\x15B\xd1' requested 'connection_request'
2016-01-11 14:20:34.884 [IPControllerApp] client::client [b'\x00\xbf\x15B\xd1'] connected
2016-01-11 14:20:34.908 [IPControllerApp] queue::client b'\x00Ai\xd26' submitted request '8bd634c2-1787-486c-8e40-dd46d99bfcc1' to 0
2016-01-11 14:20:34.909 [IPControllerApp] queue::client b'\x00Ai\xd26' submitted request '58982f66-ea9c-4684-9d51-17feb62c0cd4' to 1
2016-01-11 14:20:34.910 [IPControllerApp] queue::client b'\x00Ai\xd26' submitted request '80133bfa-6b92-4897-a1dd-17ab09a9d7f1' to 2
2016-01-11 14:20:34.911 [IPControllerApp] queue::client b'\x00Ai\xd26' submitted request '2cf267e9-5b87-4f2c-9f51-1e3e11dbc97f' to 3
2016-01-11 14:20:34.912 [IPControllerApp] queue::client b'\x00Ai\xd26' submitted request '6102751c-c871-4344-89dd-39c225dc97e3' to 4
2016-01-11 14:20:34.913 [IPControllerApp] queue::client b'\x00Ai\xd26' submitted request '14b90a2a-d78c-4fbe-a087-9af1ff27f645' to 5
2016-01-11 14:20:34.914 [IPControllerApp] queue::client b'\x00Ai\xd26' submitted request 'f3b28dcb-d9b9-4831-b0e5-e99c4b8a2802' to 6
2016-01-11 14:20:34.915 [IPControllerApp] queue::client b'\x00Ai\xd26' submitted request '1e59a988-4ee3-45e0-8ea1-886f93bd25f1' to 7
2016-01-11 14:20:34.940 [IPControllerApp] queue::request '80133bfa-6b92-4897-a1dd-17ab09a9d7f1' completed on 2
2016-01-11 14:20:34.941 [IPControllerApp] queue::request '8bd634c2-1787-486c-8e40-dd46d99bfcc1' completed on 0
2016-01-11 14:20:34.942 [IPControllerApp] queue::request '2cf267e9-5b87-4f2c-9f51-1e3e11dbc97f' completed on 3
2016-01-11 14:20:34.943 [IPControllerApp] queue::request '58982f66-ea9c-4684-9d51-17feb62c0cd4' completed on 1
2016-01-11 14:20:34.945 [IPControllerApp] queue::request '1e59a988-4ee3-45e0-8ea1-886f93bd25f1' completed on 7
2016-01-11 14:20:34.945 [IPControllerApp] queue::request '14b90a2a-d78c-4fbe-a087-9af1ff27f645' completed on 5
2016-01-11 14:20:34.946 [IPControllerApp] queue::request '6102751c-c871-4344-89dd-39c225dc97e3' completed on 4
2016-01-11 14:20:34.947 [IPControllerApp] queue::request 'f3b28dcb-d9b9-4831-b0e5-e99c4b8a2802' completed on 6
2016-01-11 14:21:14.969 [IPControllerApp] client::client b'\x00\xbf\x15B\xd2' requested 'connection_request'
2016-01-11 14:21:14.970 [IPControllerApp] client::client [b'\x00\xbf\x15B\xd2'] connected
2016-01-11 14:21:14.975 [IPControllerApp] queue::client b'\x00Ai\xd27' submitted request 'e00e66c1-5a24-4c30-8cbb-d0d68b148a99' to 0
2016-01-11 14:21:14.976 [IPControllerApp] queue::client b'\x00Ai\xd27' submitted request '6e3c52c7-45a6-4b32-89b5-e55fde401f14' to 1
2016-01-11 14:21:14.977 [IPControllerApp] queue::client b'\x00Ai\xd27' submitted request 'e21b71ae-0aa1-4f15-bc12-719754aad911' to 2
2016-01-11 14:21:14.978 [IPControllerApp] queue::request 'e00e66c1-5a24-4c30-8cbb-d0d68b148a99' completed on 0
2016-01-11 14:21:14.978 [IPControllerApp] queue::client b'\x00Ai\xd27' submitted request '243492a6-439a-40ce-b825-636de5cac6ee' to 3
2016-01-11 14:21:14.979 [IPControllerApp] queue::request '6e3c52c7-45a6-4b32-89b5-e55fde401f14' completed on 1
2016-01-11 14:21:14.980 [IPControllerApp] queue::client b'\x00Ai\xd27' submitted request 'd7dde531-5561-45de-b22a-e83ac4cda552' to 4
2016-01-11 14:21:14.981 [IPControllerApp] queue::request 'e21b71ae-0aa1-4f15-bc12-719754aad911' completed on 2
2016-01-11 14:21:14.982 [IPControllerApp] queue::client b'\x00Ai\xd27' submitted request '8fc25231-1ee9-4777-8ce0-8b4307d09439' to 5
2016-01-11 14:21:14.982 [IPControllerApp] queue::request '243492a6-439a-40ce-b825-636de5cac6ee' completed on 3
2016-01-11 14:21:14.983 [IPControllerApp] queue::client b'\x00Ai\xd27' submitted request '345537a7-e20f-47e1-b296-c765ed258ad1' to 6
2016-01-11 14:21:14.984 [IPControllerApp] queue::request 'd7dde531-5561-45de-b22a-e83ac4cda552' completed on 4
2016-01-11 14:21:14.984 [IPControllerApp] queue::client b'\x00Ai\xd27' submitted request '0822e40d-8b92-4289-aa87-5c56f1149095' to 7
2016-01-11 14:21:14.985 [IPControllerApp] queue::request '8fc25231-1ee9-4777-8ce0-8b4307d09439' completed on 5
2016-01-11 14:21:14.986 [IPControllerApp] queue::request '345537a7-e20f-47e1-b296-c765ed258ad1' completed on 6
2016-01-11 14:21:14.987 [IPControllerApp] queue::request '0822e40d-8b92-4289-aa87-5c56f1149095' completed on 7
2016-01-11 14:21:39.280 [IPControllerApp] client::client b'\x00\xbf\x15B\xd3' requested 'connection_request'
2016-01-11 14:21:39.280 [IPControllerApp] client::client [b'\x00\xbf\x15B\xd3'] connected
2016-01-11 14:21:39.287 [IPControllerApp] queue::client b'\x00Ai\xd28' submitted request '56c185d4-1145-41ca-9c9c-27a017427867' to 0
2016-01-11 14:21:39.288 [IPControllerApp] queue::client b'\x00Ai\xd28' submitted request '5570e9cf-6f61-4c4f-9d6e-ae677bdfad88' to 1
2016-01-11 14:21:39.289 [IPControllerApp] queue::client b'\x00Ai\xd28' submitted request '9f8244ae-8a1e-4aee-a465-f45e2db66c6b' to 2
2016-01-11 14:21:39.289 [IPControllerApp] queue::request '56c185d4-1145-41ca-9c9c-27a017427867' completed on 0
2016-01-11 14:21:39.290 [IPControllerApp] queue::client b'\x00Ai\xd28' submitted request '065fe1bd-8017-4e6c-9e1e-9439b9e803b0' to 3
2016-01-11 14:21:39.291 [IPControllerApp] queue::request '5570e9cf-6f61-4c4f-9d6e-ae677bdfad88' completed on 1
2016-01-11 14:21:39.291 [IPControllerApp] queue::client b'\x00Ai\xd28' submitted request '3b1bd134-623f-4492-b272-ab1bd924f527' to 4
2016-01-11 14:21:39.292 [IPControllerApp] queue::request '9f8244ae-8a1e-4aee-a465-f45e2db66c6b' completed on 2
2016-01-11 14:21:39.293 [IPControllerApp] queue::client b'\x00Ai\xd28' submitted request '3e7617a0-4c8d-4eb8-a1f6-a862f595aefc' to 5
2016-01-11 14:21:39.294 [IPControllerApp] queue::request '065fe1bd-8017-4e6c-9e1e-9439b9e803b0' completed on 3
2016-01-11 14:21:39.294 [IPControllerApp] queue::client b'\x00Ai\xd28' submitted request '9a749354-13ae-4ac8-b4f8-ad9481abb1e6' to 6
2016-01-11 14:21:39.295 [IPControllerApp] queue::request '3b1bd134-623f-4492-b272-ab1bd924f527' completed on 4
2016-01-11 14:21:39.296 [IPControllerApp] queue::client b'\x00Ai\xd28' submitted request '5b9593fd-078e-4500-9d1b-cf0db0a65caf' to 7
2016-01-11 14:21:39.296 [IPControllerApp] queue::request '3e7617a0-4c8d-4eb8-a1f6-a862f595aefc' completed on 5
2016-01-11 14:21:39.297 [IPControllerApp] queue::request '9a749354-13ae-4ac8-b4f8-ad9481abb1e6' completed on 6
2016-01-11 14:21:39.298 [IPControllerApp] queue::request '5b9593fd-078e-4500-9d1b-cf0db0a65caf' completed on 7
2016-01-11 14:21:41.733 [IPControllerApp] client::client b'\x00\xbf\x15B\xd4' requested 'connection_request'
2016-01-11 14:21:41.733 [IPControllerApp] client::client [b'\x00\xbf\x15B\xd4'] connected
2016-01-11 14:21:41.739 [IPControllerApp] queue::client b'\x00Ai\xd29' submitted request '28f05b2a-4ec2-417e-aa7f-9fcb6ee37027' to 0
2016-01-11 14:21:41.740 [IPControllerApp] queue::client b'\x00Ai\xd29' submitted request '44c1dc0a-77a1-4044-8ddf-b6a47a9cadfe' to 1
2016-01-11 14:21:41.741 [IPControllerApp] queue::client b'\x00Ai\xd29' submitted request '5705e877-e3ca-45e8-9cab-60711dd8c868' to 2
2016-01-11 14:21:41.741 [IPControllerApp] queue::request '28f05b2a-4ec2-417e-aa7f-9fcb6ee37027' completed on 0
2016-01-11 14:21:41.742 [IPControllerApp] queue::client b'\x00Ai\xd29' submitted request 'efdc4d07-57ad-4d49-a908-8e8c4c957870' to 3
2016-01-11 14:21:41.743 [IPControllerApp] queue::request '44c1dc0a-77a1-4044-8ddf-b6a47a9cadfe' completed on 1
2016-01-11 14:21:41.743 [IPControllerApp] queue::client b'\x00Ai\xd29' submitted request '56fa8a8f-bd70-4629-ab0a-2153c2590d16' to 4
2016-01-11 14:21:41.744 [IPControllerApp] queue::request '5705e877-e3ca-45e8-9cab-60711dd8c868' completed on 2
2016-01-11 14:21:41.745 [IPControllerApp] queue::client b'\x00Ai\xd29' submitted request '99495253-eb7b-430f-b9dd-ab38484ccdd6' to 5
2016-01-11 14:21:41.746 [IPControllerApp] queue::request 'efdc4d07-57ad-4d49-a908-8e8c4c957870' completed on 3
2016-01-11 14:21:41.746 [IPControllerApp] queue::client b'\x00Ai\xd29' submitted request 'd2fb3a9d-7f09-490d-985c-d6bb0b338580' to 6
2016-01-11 14:21:41.747 [IPControllerApp] queue::request '56fa8a8f-bd70-4629-ab0a-2153c2590d16' completed on 4
2016-01-11 14:21:41.748 [IPControllerApp] queue::client b'\x00Ai\xd29' submitted request '109fcdda-15dd-4fda-8d99-563c6dc0b681' to 7
2016-01-11 14:21:41.748 [IPControllerApp] queue::request '99495253-eb7b-430f-b9dd-ab38484ccdd6' completed on 5
2016-01-11 14:21:41.749 [IPControllerApp] queue::request 'd2fb3a9d-7f09-490d-985c-d6bb0b338580' completed on 6
2016-01-11 14:21:41.750 [IPControllerApp] queue::request '109fcdda-15dd-4fda-8d99-563c6dc0b681' completed on 7
2016-01-11 14:21:43.349 [IPControllerApp] client::client b'\x00\xbf\x15B\xd5' requested 'connection_request'
2016-01-11 14:21:43.349 [IPControllerApp] client::client [b'\x00\xbf\x15B\xd5'] connected
2016-01-11 14:21:43.355 [IPControllerApp] queue::client b'\x00Ai\xd2:' submitted request '51e6a7d5-0106-4ad1-bb06-ec490890bd38' to 0
2016-01-11 14:21:43.356 [IPControllerApp] queue::client b'\x00Ai\xd2:' submitted request 'f9a3470e-dddb-4466-8c4a-6e31d41e2da0' to 1
2016-01-11 14:21:43.357 [IPControllerApp] queue::client b'\x00Ai\xd2:' submitted request '0038eb17-0181-403b-a13f-e35082b595db' to 2
2016-01-11 14:21:43.357 [IPControllerApp] queue::request '51e6a7d5-0106-4ad1-bb06-ec490890bd38' completed on 0
2016-01-11 14:21:43.358 [IPControllerApp] queue::client b'\x00Ai\xd2:' submitted request 'd1729fc0-ec1e-4206-adc0-01ad9865d3dc' to 3
2016-01-11 14:21:43.359 [IPControllerApp] queue::request 'f9a3470e-dddb-4466-8c4a-6e31d41e2da0' completed on 1
2016-01-11 14:21:43.360 [IPControllerApp] queue::client b'\x00Ai\xd2:' submitted request 'f81a3e1e-50cc-4fdc-ad05-47beb27f7aa0' to 4
2016-01-11 14:21:43.360 [IPControllerApp] queue::request '0038eb17-0181-403b-a13f-e35082b595db' completed on 2
2016-01-11 14:21:43.361 [IPControllerApp] queue::client b'\x00Ai\xd2:' submitted request '3102f834-44ff-4d05-9c3c-608263211a1e' to 5
2016-01-11 14:21:43.362 [IPControllerApp] queue::request 'd1729fc0-ec1e-4206-adc0-01ad9865d3dc' completed on 3
2016-01-11 14:21:43.362 [IPControllerApp] queue::client b'\x00Ai\xd2:' submitted request '6c38f552-3e0c-46d1-90e0-c47132a101fb' to 6
2016-01-11 14:21:43.363 [IPControllerApp] queue::request 'f81a3e1e-50cc-4fdc-ad05-47beb27f7aa0' completed on 4
2016-01-11 14:21:43.364 [IPControllerApp] queue::client b'\x00Ai\xd2:' submitted request '85a8ddb7-f29e-4cd9-9a61-ef443434bc11' to 7
2016-01-11 14:21:43.364 [IPControllerApp] queue::request '3102f834-44ff-4d05-9c3c-608263211a1e' completed on 5
2016-01-11 14:21:43.365 [IPControllerApp] queue::request '6c38f552-3e0c-46d1-90e0-c47132a101fb' completed on 6
2016-01-11 14:21:43.366 [IPControllerApp] queue::request '85a8ddb7-f29e-4cd9-9a61-ef443434bc11' completed on 7
2016-01-11 14:21:51.009 [IPControllerApp] queue::client b'\x00Ai\xd2:' submitted request '12a9085a-b467-42a2-9c4d-7841f152b704' to 0
2016-01-11 14:21:51.010 [IPControllerApp] queue::client b'\x00Ai\xd2:' submitted request '257c7506-099a-455c-9402-6ea2a2693c32' to 1
2016-01-11 14:21:51.011 [IPControllerApp] queue::client b'\x00Ai\xd2:' submitted request 'ea3faa75-bfed-4f21-a1d0-531e12210d12' to 2
2016-01-11 14:21:51.012 [IPControllerApp] queue::request '12a9085a-b467-42a2-9c4d-7841f152b704' completed on 0
2016-01-11 14:21:51.013 [IPControllerApp] queue::client b'\x00Ai\xd2:' submitted request 'cb8801ef-4ca8-490a-8160-971b7d14fa5e' to 3
2016-01-11 14:21:51.013 [IPControllerApp] queue::request '257c7506-099a-455c-9402-6ea2a2693c32' completed on 1
2016-01-11 14:21:51.014 [IPControllerApp] queue::client b'\x00Ai\xd2:' submitted request '04b85c64-4182-4e80-97e0-e465bec333ca' to 4
2016-01-11 14:21:51.015 [IPControllerApp] queue::request 'ea3faa75-bfed-4f21-a1d0-531e12210d12' completed on 2
2016-01-11 14:21:51.015 [IPControllerApp] queue::client b'\x00Ai\xd2:' submitted request 'b422d9e4-6a44-402f-bc44-fd06b231f827' to 5
2016-01-11 14:21:51.016 [IPControllerApp] queue::request 'cb8801ef-4ca8-490a-8160-971b7d14fa5e' completed on 3
2016-01-11 14:21:51.017 [IPControllerApp] queue::client b'\x00Ai\xd2:' submitted request '8d704292-6a39-4ea8-8923-75fd489b9aeb' to 6
2016-01-11 14:21:51.017 [IPControllerApp] queue::request '04b85c64-4182-4e80-97e0-e465bec333ca' completed on 4
2016-01-11 14:21:51.018 [IPControllerApp] queue::request 'b422d9e4-6a44-402f-bc44-fd06b231f827' completed on 5
2016-01-11 14:21:51.019 [IPControllerApp] queue::client b'\x00Ai\xd2:' submitted request 'ca17e87b-9ea4-42f9-a5fd-72adb2259a9b' to 7
2016-01-11 14:21:51.020 [IPControllerApp] queue::request '8d704292-6a39-4ea8-8923-75fd489b9aeb' completed on 6
2016-01-11 14:21:51.020 [IPControllerApp] queue::request 'ca17e87b-9ea4-42f9-a5fd-72adb2259a9b' completed on 7
2016-01-11 14:21:52.755 [IPControllerApp] client::client b'\x00\xbf\x15B\xd6' requested 'connection_request'
2016-01-11 14:21:52.755 [IPControllerApp] client::client [b'\x00\xbf\x15B\xd6'] connected
2016-01-11 14:22:14.922 [IPControllerApp] client::client b'\x00\xbf\x15B\xd7' requested 'connection_request'
2016-01-11 14:22:14.922 [IPControllerApp] client::client [b'\x00\xbf\x15B\xd7'] connected
2016-01-11 14:22:14.944 [IPControllerApp] queue::client b'\x00Ai\xd2<' submitted request 'd7edc24f-b814-4cc1-bac4-345b9239acd6' to 0
2016-01-11 14:22:14.945 [IPControllerApp] queue::client b'\x00Ai\xd2<' submitted request 'f751b2f6-aa3d-4ef3-8312-fd732bc023bb' to 1
2016-01-11 14:22:14.945 [IPControllerApp] queue::client b'\x00Ai\xd2<' submitted request 'fe6f4c04-34ab-4dbe-922b-72f3896f38fa' to 2
2016-01-11 14:22:14.946 [IPControllerApp] queue::request 'd7edc24f-b814-4cc1-bac4-345b9239acd6' completed on 0
2016-01-11 14:22:14.947 [IPControllerApp] queue::client b'\x00Ai\xd2<' submitted request 'af711dde-99d6-4c63-8dac-f9fb95566a40' to 3
2016-01-11 14:22:14.947 [IPControllerApp] queue::request 'f751b2f6-aa3d-4ef3-8312-fd732bc023bb' completed on 1
2016-01-11 14:22:14.948 [IPControllerApp] queue::client b'\x00Ai\xd2<' submitted request '9d4eb54e-7a7e-436b-a58f-b5002c35c5a9' to 4
2016-01-11 14:22:14.949 [IPControllerApp] queue::request 'fe6f4c04-34ab-4dbe-922b-72f3896f38fa' completed on 2
2016-01-11 14:22:14.949 [IPControllerApp] queue::client b'\x00Ai\xd2<' submitted request 'f0dd339d-9051-4299-a21b-794a9f93f06a' to 5
2016-01-11 14:22:14.950 [IPControllerApp] queue::request 'af711dde-99d6-4c63-8dac-f9fb95566a40' completed on 3
2016-01-11 14:22:14.951 [IPControllerApp] queue::client b'\x00Ai\xd2<' submitted request '2d666c9a-47b6-4b57-bb75-3aa1047fd8d0' to 6
2016-01-11 14:22:14.952 [IPControllerApp] queue::request '9d4eb54e-7a7e-436b-a58f-b5002c35c5a9' completed on 4
2016-01-11 14:22:14.952 [IPControllerApp] queue::client b'\x00Ai\xd2<' submitted request '11e2d02f-7116-402a-b246-58c420964ead' to 7
2016-01-11 14:22:14.953 [IPControllerApp] queue::request 'f0dd339d-9051-4299-a21b-794a9f93f06a' completed on 5
2016-01-11 14:22:14.954 [IPControllerApp] queue::request '2d666c9a-47b6-4b57-bb75-3aa1047fd8d0' completed on 6
2016-01-11 14:22:14.954 [IPControllerApp] queue::request '11e2d02f-7116-402a-b246-58c420964ead' completed on 7
2016-01-11 14:22:43.658 [IPControllerApp] client::client b'\x00\xbf\x15B\xd8' requested 'connection_request'
2016-01-11 14:22:43.659 [IPControllerApp] client::client [b'\x00\xbf\x15B\xd8'] connected
2016-01-11 14:22:43.664 [IPControllerApp] queue::client b'\x00Ai\xd2=' submitted request '59609bba-d78e-4e52-965e-cf35bb337ba2' to 0
2016-01-11 14:22:43.665 [IPControllerApp] queue::client b'\x00Ai\xd2=' submitted request '6ac3ee26-456a-45ef-970a-2773e45fd376' to 1
2016-01-11 14:22:43.665 [IPControllerApp] queue::client b'\x00Ai\xd2=' submitted request 'ac70e8f6-7d18-4a07-a871-005b6552b03c' to 2
2016-01-11 14:22:43.665 [IPControllerApp] queue::client b'\x00Ai\xd2=' submitted request '891d90b8-097b-4733-b640-9c57ee92f52e' to 3
2016-01-11 14:22:43.666 [IPControllerApp] queue::client b'\x00Ai\xd2=' submitted request '0e8af908-5104-4b78-afc7-d9dd41262494' to 4
2016-01-11 14:22:43.666 [IPControllerApp] queue::client b'\x00Ai\xd2=' submitted request '14113883-a50e-4d09-8774-1ef8f21ea93c' to 5
2016-01-11 14:22:43.667 [IPControllerApp] queue::client b'\x00Ai\xd2=' submitted request '276af3f9-e193-41b4-b354-7a6ee0bf2998' to 6
2016-01-11 14:22:43.668 [IPControllerApp] queue::client b'\x00Ai\xd2=' submitted request '2ac64c6b-3f8f-4eb2-8ce5-9ce63f806aa2' to 7
2016-01-11 14:22:43.669 [IPControllerApp] queue::request '59609bba-d78e-4e52-965e-cf35bb337ba2' completed on 0
2016-01-11 14:22:43.670 [IPControllerApp] queue::request '6ac3ee26-456a-45ef-970a-2773e45fd376' completed on 1
2016-01-11 14:22:43.670 [IPControllerApp] queue::request 'ac70e8f6-7d18-4a07-a871-005b6552b03c' completed on 2
2016-01-11 14:22:43.671 [IPControllerApp] queue::request '891d90b8-097b-4733-b640-9c57ee92f52e' completed on 3
2016-01-11 14:22:43.672 [IPControllerApp] queue::request '0e8af908-5104-4b78-afc7-d9dd41262494' completed on 4
2016-01-11 14:22:43.673 [IPControllerApp] queue::request '14113883-a50e-4d09-8774-1ef8f21ea93c' completed on 5
2016-01-11 14:22:43.673 [IPControllerApp] queue::request '276af3f9-e193-41b4-b354-7a6ee0bf2998' completed on 6
2016-01-11 14:22:43.674 [IPControllerApp] queue::request '2ac64c6b-3f8f-4eb2-8ce5-9ce63f806aa2' completed on 7
2016-01-11 14:22:43.679 [IPControllerApp] queue::client b'\x00Ai\xd2=' submitted request '5725fca3-0ef7-49ba-adff-cf85cc3526af' to 0
2016-01-11 14:22:43.680 [IPControllerApp] queue::client b'\x00Ai\xd2=' submitted request 'd24d3c6c-b872-45a6-9289-afec73f7f7f2' to 1
2016-01-11 14:22:43.681 [IPControllerApp] queue::client b'\x00Ai\xd2=' submitted request 'd228bfc6-3641-4b41-92c9-521795c44438' to 2
2016-01-11 14:22:43.682 [IPControllerApp] queue::request '5725fca3-0ef7-49ba-adff-cf85cc3526af' completed on 0
2016-01-11 14:22:43.682 [IPControllerApp] queue::client b'\x00Ai\xd2=' submitted request '34470fb6-200d-4051-bb6f-ba16f1e5cbe8' to 3
2016-01-11 14:22:43.683 [IPControllerApp] queue::request 'd24d3c6c-b872-45a6-9289-afec73f7f7f2' completed on 1
2016-01-11 14:22:43.684 [IPControllerApp] queue::client b'\x00Ai\xd2=' submitted request '804988bc-3494-4484-a9aa-009dd4f2d7ff' to 4
2016-01-11 14:22:43.685 [IPControllerApp] queue::request 'd228bfc6-3641-4b41-92c9-521795c44438' completed on 2
2016-01-11 14:22:43.685 [IPControllerApp] queue::request '34470fb6-200d-4051-bb6f-ba16f1e5cbe8' completed on 3
2016-01-11 14:22:43.686 [IPControllerApp] queue::client b'\x00Ai\xd2=' submitted request '3a462765-5ad8-4781-aa6f-c9dbb2eee293' to 5
2016-01-11 14:22:43.687 [IPControllerApp] queue::client b'\x00Ai\xd2=' submitted request '821f2b57-c207-492d-981c-dea0fbf2daaa' to 6
2016-01-11 14:22:43.687 [IPControllerApp] queue::request '804988bc-3494-4484-a9aa-009dd4f2d7ff' completed on 4
2016-01-11 14:22:43.688 [IPControllerApp] queue::client b'\x00Ai\xd2=' submitted request '12eb6104-e237-4970-a687-c7c17f7e8798' to 7
2016-01-11 14:22:43.689 [IPControllerApp] queue::request '3a462765-5ad8-4781-aa6f-c9dbb2eee293' completed on 5
2016-01-11 14:22:43.690 [IPControllerApp] queue::request '821f2b57-c207-492d-981c-dea0fbf2daaa' completed on 6
2016-01-11 14:22:43.690 [IPControllerApp] queue::request '12eb6104-e237-4970-a687-c7c17f7e8798' completed on 7
2016-01-11 14:22:48.693 [IPControllerApp] client::client b'\x00\xbf\x15B\xd9' requested 'connection_request'
2016-01-11 14:22:48.693 [IPControllerApp] client::client [b'\x00\xbf\x15B\xd9'] connected
2016-01-11 14:22:48.698 [IPControllerApp] queue::client b'\x00Ai\xd2>' submitted request '3db4687e-b5f8-4f48-847f-1513958808f7' to 0
2016-01-11 14:22:48.698 [IPControllerApp] queue::client b'\x00Ai\xd2>' submitted request '9690e4da-1f6c-462b-9e6a-3afc018ffd19' to 1
2016-01-11 14:22:48.699 [IPControllerApp] queue::client b'\x00Ai\xd2>' submitted request '9283a76e-4fb1-4bd7-b18a-7f40a0013bab' to 2
2016-01-11 14:22:48.699 [IPControllerApp] queue::client b'\x00Ai\xd2>' submitted request '279c34fc-83c7-4fc8-9c48-e313d4a52c94' to 3
2016-01-11 14:22:48.700 [IPControllerApp] queue::client b'\x00Ai\xd2>' submitted request 'ecdb546a-e2b7-4843-998c-4de25ad3fb9a' to 4
2016-01-11 14:22:48.700 [IPControllerApp] queue::client b'\x00Ai\xd2>' submitted request '0349f760-4a8d-448b-a509-b2d2d6622db7' to 5
2016-01-11 14:22:48.701 [IPControllerApp] queue::client b'\x00Ai\xd2>' submitted request '60a52f08-0469-40f4-bf37-3850af4feed4' to 6
2016-01-11 14:22:48.702 [IPControllerApp] queue::client b'\x00Ai\xd2>' submitted request 'c3ba0470-f5c5-4bcc-816b-a4ebac17b8e6' to 7
2016-01-11 14:22:48.702 [IPControllerApp] queue::request '3db4687e-b5f8-4f48-847f-1513958808f7' completed on 0
2016-01-11 14:22:48.703 [IPControllerApp] queue::request '9690e4da-1f6c-462b-9e6a-3afc018ffd19' completed on 1
2016-01-11 14:22:48.704 [IPControllerApp] queue::request '9283a76e-4fb1-4bd7-b18a-7f40a0013bab' completed on 2
2016-01-11 14:22:48.705 [IPControllerApp] queue::request '279c34fc-83c7-4fc8-9c48-e313d4a52c94' completed on 3
2016-01-11 14:22:48.705 [IPControllerApp] queue::request 'ecdb546a-e2b7-4843-998c-4de25ad3fb9a' completed on 4
2016-01-11 14:22:48.706 [IPControllerApp] queue::request '0349f760-4a8d-448b-a509-b2d2d6622db7' completed on 5
2016-01-11 14:22:48.707 [IPControllerApp] queue::request '60a52f08-0469-40f4-bf37-3850af4feed4' completed on 6
2016-01-11 14:22:48.708 [IPControllerApp] queue::request 'c3ba0470-f5c5-4bcc-816b-a4ebac17b8e6' completed on 7
2016-01-11 14:22:48.713 [IPControllerApp] queue::client b'\x00Ai\xd2>' submitted request 'd03853a7-6719-4412-b834-0b8b507c02fd' to 0
2016-01-11 14:22:48.714 [IPControllerApp] queue::client b'\x00Ai\xd2>' submitted request '3ba8a52d-5b04-4909-8189-909ecb1294c2' to 1
2016-01-11 14:22:48.715 [IPControllerApp] queue::client b'\x00Ai\xd2>' submitted request 'a78d5f60-a4d1-4d0c-bc66-d22c7ff11007' to 2
2016-01-11 14:22:48.715 [IPControllerApp] queue::request 'd03853a7-6719-4412-b834-0b8b507c02fd' completed on 0
2016-01-11 14:22:48.716 [IPControllerApp] queue::client b'\x00Ai\xd2>' submitted request '920512ac-03f3-422c-bfd3-6a380f9edc7b' to 3
2016-01-11 14:22:48.717 [IPControllerApp] queue::request '3ba8a52d-5b04-4909-8189-909ecb1294c2' completed on 1
2016-01-11 14:22:48.717 [IPControllerApp] queue::client b'\x00Ai\xd2>' submitted request '52dbe9c0-8bf1-4f41-99e7-6d7661a177dc' to 4
2016-01-11 14:22:48.718 [IPControllerApp] queue::request 'a78d5f60-a4d1-4d0c-bc66-d22c7ff11007' completed on 2
2016-01-11 14:22:48.719 [IPControllerApp] queue::client b'\x00Ai\xd2>' submitted request 'b367c5ce-98b1-4a81-b4ad-ab2f34ef7c6b' to 5
2016-01-11 14:22:48.720 [IPControllerApp] queue::request '920512ac-03f3-422c-bfd3-6a380f9edc7b' completed on 3
2016-01-11 14:22:48.720 [IPControllerApp] queue::client b'\x00Ai\xd2>' submitted request 'dd722ab2-d600-409a-a07d-e655b410674b' to 6
2016-01-11 14:22:48.721 [IPControllerApp] queue::request '52dbe9c0-8bf1-4f41-99e7-6d7661a177dc' completed on 4
2016-01-11 14:22:48.722 [IPControllerApp] queue::client b'\x00Ai\xd2>' submitted request '0afcb448-eb9c-439d-ad7f-3326f534bd14' to 7
2016-01-11 14:22:48.722 [IPControllerApp] queue::request 'b367c5ce-98b1-4a81-b4ad-ab2f34ef7c6b' completed on 5
2016-01-11 14:22:48.723 [IPControllerApp] queue::request 'dd722ab2-d600-409a-a07d-e655b410674b' completed on 6
2016-01-11 14:22:48.724 [IPControllerApp] queue::request '0afcb448-eb9c-439d-ad7f-3326f534bd14' completed on 7
2016-01-11 14:23:27.357 [IPControllerApp] client::client b'\x00\xbf\x15B\xda' requested 'connection_request'
2016-01-11 14:23:27.357 [IPControllerApp] client::client [b'\x00\xbf\x15B\xda'] connected
2016-01-11 14:23:27.362 [IPControllerApp] queue::client b'\x00Ai\xd2?' submitted request 'a66c4e69-5268-40c4-b357-2b3b5bbedd74' to 0
2016-01-11 14:23:27.362 [IPControllerApp] queue::client b'\x00Ai\xd2?' submitted request '09cc58e5-1940-458b-9664-a830ad3df396' to 1
2016-01-11 14:23:27.363 [IPControllerApp] queue::client b'\x00Ai\xd2?' submitted request 'c4fe241a-529a-4cdc-9796-ad17aff5c089' to 2
2016-01-11 14:23:27.363 [IPControllerApp] queue::client b'\x00Ai\xd2?' submitted request '573590c5-504c-4056-abfc-7e169ebff033' to 3
2016-01-11 14:23:27.364 [IPControllerApp] queue::client b'\x00Ai\xd2?' submitted request '2255b94c-6b38-434c-94ba-258be5d3e73b' to 4
2016-01-11 14:23:27.364 [IPControllerApp] queue::client b'\x00Ai\xd2?' submitted request 'e0422aaf-9cb0-45bd-8566-dfeae49512a6' to 5
2016-01-11 14:23:27.365 [IPControllerApp] queue::client b'\x00Ai\xd2?' submitted request '426fa81a-7490-438f-a616-5924a5e5426f' to 6
2016-01-11 14:23:27.366 [IPControllerApp] queue::client b'\x00Ai\xd2?' submitted request '013e9664-0857-4a4e-8adb-bf426155cd3a' to 7
2016-01-11 14:23:27.367 [IPControllerApp] queue::request 'a66c4e69-5268-40c4-b357-2b3b5bbedd74' completed on 0
2016-01-11 14:23:27.367 [IPControllerApp] queue::request '09cc58e5-1940-458b-9664-a830ad3df396' completed on 1
2016-01-11 14:23:27.368 [IPControllerApp] queue::request 'c4fe241a-529a-4cdc-9796-ad17aff5c089' completed on 2
2016-01-11 14:23:27.369 [IPControllerApp] queue::request '573590c5-504c-4056-abfc-7e169ebff033' completed on 3
2016-01-11 14:23:27.370 [IPControllerApp] queue::request '2255b94c-6b38-434c-94ba-258be5d3e73b' completed on 4
2016-01-11 14:23:27.371 [IPControllerApp] queue::request 'e0422aaf-9cb0-45bd-8566-dfeae49512a6' completed on 5
2016-01-11 14:23:27.372 [IPControllerApp] queue::request '426fa81a-7490-438f-a616-5924a5e5426f' completed on 6
2016-01-11 14:23:27.373 [IPControllerApp] queue::request '013e9664-0857-4a4e-8adb-bf426155cd3a' completed on 7
2016-01-11 14:23:27.377 [IPControllerApp] queue::client b'\x00Ai\xd2?' submitted request 'b9de4ff4-8ed0-45fc-b2a1-6a38c259ea98' to 0
2016-01-11 14:23:27.379 [IPControllerApp] queue::client b'\x00Ai\xd2?' submitted request '4b87a785-e464-4b5d-b73d-1af67c09f9bc' to 1
2016-01-11 14:23:27.379 [IPControllerApp] queue::request 'b9de4ff4-8ed0-45fc-b2a1-6a38c259ea98' completed on 0
2016-01-11 14:23:27.380 [IPControllerApp] queue::client b'\x00Ai\xd2?' submitted request '00024e0c-e667-46a1-a0ab-eaedb132fc19' to 2
2016-01-11 14:23:27.381 [IPControllerApp] queue::client b'\x00Ai\xd2?' submitted request 'fd66c21b-32d2-4905-ad0a-8b5717c58717' to 3
2016-01-11 14:23:27.381 [IPControllerApp] queue::request '4b87a785-e464-4b5d-b73d-1af67c09f9bc' completed on 1
2016-01-11 14:23:27.382 [IPControllerApp] queue::client b'\x00Ai\xd2?' submitted request '6859d0de-ce12-4c3e-a380-7b2f40ea3662' to 4
2016-01-11 14:23:27.383 [IPControllerApp] queue::request '00024e0c-e667-46a1-a0ab-eaedb132fc19' completed on 2
2016-01-11 14:23:27.384 [IPControllerApp] queue::client b'\x00Ai\xd2?' submitted request '1f18c0d6-6db8-4f1b-8af2-854667264da0' to 5
2016-01-11 14:23:27.384 [IPControllerApp] queue::request 'fd66c21b-32d2-4905-ad0a-8b5717c58717' completed on 3
2016-01-11 14:23:27.385 [IPControllerApp] queue::client b'\x00Ai\xd2?' submitted request 'ca2ebd77-8c5e-474e-b852-880a5b464c3d' to 6
2016-01-11 14:23:27.386 [IPControllerApp] queue::request '6859d0de-ce12-4c3e-a380-7b2f40ea3662' completed on 4
2016-01-11 14:23:27.386 [IPControllerApp] queue::client b'\x00Ai\xd2?' submitted request '5f1bc889-80c8-46d3-9236-db954d47406b' to 7
2016-01-11 14:23:27.387 [IPControllerApp] queue::request '1f18c0d6-6db8-4f1b-8af2-854667264da0' completed on 5
2016-01-11 14:23:27.388 [IPControllerApp] queue::request 'ca2ebd77-8c5e-474e-b852-880a5b464c3d' completed on 6
2016-01-11 14:23:27.389 [IPControllerApp] queue::request '5f1bc889-80c8-46d3-9236-db954d47406b' completed on 7
2016-01-11 15:00:03.835 [IPControllerApp] CRITICAL | Received signal 2, shutting down
2016-01-11 15:00:03.835 [IPControllerApp] CRITICAL | terminating children...
