2016-01-15 10:42:27.572 [IPControllerApp] Hub listening on tcp://*:39964 for registration.
2016-01-15 10:42:27.573 [IPControllerApp] Hub using DB backend: 'NoDB'
2016-01-15 10:42:27.845 [IPControllerApp] hub::created hub
2016-01-15 10:42:27.845 [IPControllerApp] writing connection info to /curc/tools/x86_64/rh6/software/python_packages/3.4.3/intel/15.0.2/jupyterhub/0.2.0/Ipython/profile_slurm_04/security/ipcontroller-client.json
2016-01-15 10:42:27.854 [IPControllerApp] writing connection info to /curc/tools/x86_64/rh6/software/python_packages/3.4.3/intel/15.0.2/jupyterhub/0.2.0/Ipython/profile_slurm_04/security/ipcontroller-engine.json
2016-01-15 10:42:27.859 [IPControllerApp] task::using Python leastload Task scheduler
2016-01-15 10:42:27.859 [IPControllerApp] Heartmonitor started
2016-01-15 10:42:27.874 [IPControllerApp] Creating pid file: /curc/tools/x86_64/rh6/software/python_packages/3.4.3/intel/15.0.2/jupyterhub/0.2.0/Ipython/profile_slurm_04/pid/ipcontroller.pid
2016-01-15 10:42:27.880 [IPControllerApp] client::client b'\x00\xe0YqL' requested 'connection_request'
2016-01-15 10:42:27.880 [IPControllerApp] client::client [b'\x00\xe0YqL'] connected
2016-01-15 10:42:43.336 [IPControllerApp] client::client b'\x00\xe0YqM' requested 'connection_request'
2016-01-15 10:42:43.336 [IPControllerApp] client::client [b'\x00\xe0YqM'] connected
2016-01-15 10:42:45.960 [IPControllerApp] client::client b'8363b533-4ff4-43eb-9360-0d254481a6e6' requested 'registration_request'
2016-01-15 10:42:46.946 [IPControllerApp] client::client b'f64f7ae0-ee07-4a94-86de-f8a06dc4bf5e' requested 'registration_request'
2016-01-15 10:42:46.947 [IPControllerApp] client::client b'a2e01610-459d-4f70-86a6-d958413b8dc9' requested 'registration_request'
2016-01-15 10:42:46.948 [IPControllerApp] client::client b'1fe171be-e116-4fc3-8582-318e5e1269a2' requested 'registration_request'
2016-01-15 10:42:49.874 [IPControllerApp] client::client b'\x00\xe0YqN' requested 'connection_request'
2016-01-15 10:42:49.874 [IPControllerApp] client::client [b'\x00\xe0YqN'] connected
2016-01-15 10:42:51.860 [IPControllerApp] registration::finished registering engine 0:8363b533-4ff4-43eb-9360-0d254481a6e6
2016-01-15 10:42:51.861 [IPControllerApp] engine::Engine Connected: 0
2016-01-15 10:42:51.870 [IPControllerApp] registration::finished registering engine 2:a2e01610-459d-4f70-86a6-d958413b8dc9
2016-01-15 10:42:51.871 [IPControllerApp] engine::Engine Connected: 2
2016-01-15 10:42:51.875 [IPControllerApp] registration::finished registering engine 1:f64f7ae0-ee07-4a94-86de-f8a06dc4bf5e
2016-01-15 10:42:51.875 [IPControllerApp] engine::Engine Connected: 1
2016-01-15 10:42:51.880 [IPControllerApp] registration::finished registering engine 3:1fe171be-e116-4fc3-8582-318e5e1269a2
2016-01-15 10:42:51.880 [IPControllerApp] engine::Engine Connected: 3
2016-01-15 10:42:56.824 [IPControllerApp] client::client b'\x00\xe0YqO' requested 'connection_request'
2016-01-15 10:42:56.824 [IPControllerApp] client::client [b'\x00\xe0YqO'] connected
2016-01-15 10:42:56.829 [IPControllerApp] queue::client b'\x00\xbf\rz\xb3' submitted request '20a8f87c-0015-4473-a77a-013aa6c32d00' to 0
2016-01-15 10:42:56.829 [IPControllerApp] queue::client b'\x00\xbf\rz\xb3' submitted request 'e32e9e44-e120-4aea-b584-800d872732b5' to 1
2016-01-15 10:42:56.830 [IPControllerApp] queue::client b'\x00\xbf\rz\xb3' submitted request 'ce459743-de96-4ccd-a9d7-0c24320e2d54' to 2
2016-01-15 10:42:56.830 [IPControllerApp] queue::client b'\x00\xbf\rz\xb3' submitted request '7a3f3f45-4b3c-4090-b11e-afb8f592073b' to 3
2016-01-15 10:42:56.835 [IPControllerApp] queue::request 'e32e9e44-e120-4aea-b584-800d872732b5' completed on 1
2016-01-15 10:42:56.835 [IPControllerApp] queue::request '20a8f87c-0015-4473-a77a-013aa6c32d00' completed on 0
2016-01-15 10:42:56.836 [IPControllerApp] queue::request 'ce459743-de96-4ccd-a9d7-0c24320e2d54' completed on 2
2016-01-15 10:42:56.837 [IPControllerApp] queue::request '7a3f3f45-4b3c-4090-b11e-afb8f592073b' completed on 3
2016-01-15 10:42:56.840 [IPControllerApp] queue::client b'\x00\xbf\rz\xb3' submitted request 'd067fbb8-9530-44cf-a090-1ee53751c56b' to 0
2016-01-15 10:42:56.841 [IPControllerApp] queue::client b'\x00\xbf\rz\xb3' submitted request '14bb540f-6ae9-41c8-bb0f-f4dbf136317a' to 1
2016-01-15 10:42:56.842 [IPControllerApp] queue::client b'\x00\xbf\rz\xb3' submitted request '5a525587-7be2-419e-9a45-d74527080fb8' to 2
2016-01-15 10:42:56.843 [IPControllerApp] queue::client b'\x00\xbf\rz\xb3' submitted request '29ae68a5-9866-4ed0-9c10-6f0dc949a275' to 3
2016-01-15 10:42:56.844 [IPControllerApp] queue::request 'd067fbb8-9530-44cf-a090-1ee53751c56b' completed on 0
2016-01-15 10:42:56.845 [IPControllerApp] queue::request '14bb540f-6ae9-41c8-bb0f-f4dbf136317a' completed on 1
2016-01-15 10:42:56.846 [IPControllerApp] queue::request '5a525587-7be2-419e-9a45-d74527080fb8' completed on 2
2016-01-15 10:42:56.847 [IPControllerApp] queue::request '29ae68a5-9866-4ed0-9c10-6f0dc949a275' completed on 3
2016-01-15 10:43:21.614 [IPControllerApp] queue::client b'\x00\xbf\rz\xb3' submitted request 'c70737db-6378-4468-a83f-ac70bc3a9bbe' to 0
2016-01-15 10:43:21.614 [IPControllerApp] queue::client b'\x00\xbf\rz\xb3' submitted request 'a16ca434-6fbc-41d4-82ec-ee58a1b16556' to 1
2016-01-15 10:43:21.614 [IPControllerApp] queue::client b'\x00\xbf\rz\xb3' submitted request '38ffe898-e8e2-48a3-b1e3-17d6d73a17c2' to 2
2016-01-15 10:43:21.615 [IPControllerApp] queue::client b'\x00\xbf\rz\xb3' submitted request 'd9ac3241-cfe3-46bc-b16a-14ca1066031b' to 3
2016-01-15 10:43:21.625 [IPControllerApp] queue::request '38ffe898-e8e2-48a3-b1e3-17d6d73a17c2' completed on 2
2016-01-15 10:43:21.625 [IPControllerApp] queue::request 'd9ac3241-cfe3-46bc-b16a-14ca1066031b' completed on 3
2016-01-15 10:43:21.626 [IPControllerApp] queue::request 'a16ca434-6fbc-41d4-82ec-ee58a1b16556' completed on 1
2016-01-15 10:43:21.627 [IPControllerApp] queue::request 'c70737db-6378-4468-a83f-ac70bc3a9bbe' completed on 0
2016-01-15 10:43:28.449 [IPControllerApp] queue::client b'\x00\xbf\rz\xb3' submitted request 'ec77b99a-09c4-4962-ba30-dc338d302ff4' to 0
2016-01-15 10:43:28.450 [IPControllerApp] queue::client b'\x00\xbf\rz\xb3' submitted request 'f29b031a-0d5e-44d0-b914-5c8a95f075da' to 1
2016-01-15 10:43:28.450 [IPControllerApp] queue::client b'\x00\xbf\rz\xb3' submitted request '5ec53caa-afbc-41c1-9067-7c1e5b5c8474' to 2
2016-01-15 10:43:28.450 [IPControllerApp] queue::client b'\x00\xbf\rz\xb3' submitted request 'd0eb20a0-ffcd-4279-92ca-218e9db7b552' to 3
2016-01-15 10:43:28.649 [IPControllerApp] queue::request 'ec77b99a-09c4-4962-ba30-dc338d302ff4' completed on 0
2016-01-15 10:43:28.650 [IPControllerApp] queue::request 'f29b031a-0d5e-44d0-b914-5c8a95f075da' completed on 1
2016-01-15 10:43:28.651 [IPControllerApp] queue::request 'd0eb20a0-ffcd-4279-92ca-218e9db7b552' completed on 3
2016-01-15 10:43:28.652 [IPControllerApp] queue::request '5ec53caa-afbc-41c1-9067-7c1e5b5c8474' completed on 2
2016-01-15 10:47:01.112 [IPControllerApp] client::client b'\x00\xe0YqP' requested 'connection_request'
2016-01-15 10:47:01.112 [IPControllerApp] client::client [b'\x00\xe0YqP'] connected
2016-01-15 10:47:03.295 [IPControllerApp] queue::client b'\x00\xbf\rz\xb4' submitted request '53fcb31c-c582-4033-8814-fa2f42e008da' to 0
2016-01-15 10:47:03.296 [IPControllerApp] queue::client b'\x00\xbf\rz\xb4' submitted request 'b17e18fc-697a-4aee-a180-fd5c57f5a027' to 1
2016-01-15 10:47:03.296 [IPControllerApp] queue::client b'\x00\xbf\rz\xb4' submitted request '6ae36f0c-88fa-4aee-be9d-4216457e1e62' to 2
2016-01-15 10:47:03.297 [IPControllerApp] queue::client b'\x00\xbf\rz\xb4' submitted request '5b08687a-57b7-4dbd-abe0-4660da31b1e4' to 3
2016-01-15 10:47:03.300 [IPControllerApp] queue::request '53fcb31c-c582-4033-8814-fa2f42e008da' completed on 0
2016-01-15 10:47:03.301 [IPControllerApp] queue::request 'b17e18fc-697a-4aee-a180-fd5c57f5a027' completed on 1
2016-01-15 10:47:03.302 [IPControllerApp] queue::request '6ae36f0c-88fa-4aee-be9d-4216457e1e62' completed on 2
2016-01-15 10:47:03.303 [IPControllerApp] queue::request '5b08687a-57b7-4dbd-abe0-4660da31b1e4' completed on 3
2016-01-15 10:51:11.571 [IPControllerApp] client::client b'\x00\xe0YqQ' requested 'connection_request'
2016-01-15 10:51:11.571 [IPControllerApp] client::client [b'\x00\xe0YqQ'] connected
2016-01-15 10:51:11.594 [IPControllerApp] queue::client b'\x00\xbf\rz\xb5' submitted request 'd9b24868-9574-43f0-bb5f-019b5ac3016e' to 0
2016-01-15 10:51:11.594 [IPControllerApp] queue::client b'\x00\xbf\rz\xb5' submitted request '5f1d5bee-63ef-45f9-8b8f-5ee858df725c' to 1
2016-01-15 10:51:11.595 [IPControllerApp] queue::client b'\x00\xbf\rz\xb5' submitted request '842dcc7c-1bb0-4f3b-a4e7-38b0c74d013e' to 2
2016-01-15 10:51:11.595 [IPControllerApp] queue::client b'\x00\xbf\rz\xb5' submitted request '5e37c0da-1d57-4b0d-aa6f-1b44bd0cd5fc' to 3
2016-01-15 10:51:11.598 [IPControllerApp] queue::request 'd9b24868-9574-43f0-bb5f-019b5ac3016e' completed on 0
2016-01-15 10:51:11.599 [IPControllerApp] queue::request '5f1d5bee-63ef-45f9-8b8f-5ee858df725c' completed on 1
2016-01-15 10:51:11.599 [IPControllerApp] queue::request '842dcc7c-1bb0-4f3b-a4e7-38b0c74d013e' completed on 2
2016-01-15 10:51:11.600 [IPControllerApp] queue::request '5e37c0da-1d57-4b0d-aa6f-1b44bd0cd5fc' completed on 3
2016-01-15 10:51:11.601 [IPControllerApp] queue::client b'\x00\xbf\rz\xb5' submitted request '62709aa7-1864-4284-8e63-f2d18e630e6b' to 0
2016-01-15 10:51:11.602 [IPControllerApp] queue::client b'\x00\xbf\rz\xb5' submitted request '9c9281cb-4fe8-4bdb-a0ce-4194abe8995f' to 1
2016-01-15 10:51:11.602 [IPControllerApp] queue::client b'\x00\xbf\rz\xb5' submitted request '66f8c10d-767c-439c-8d3f-c14fbca985a2' to 2
2016-01-15 10:51:11.602 [IPControllerApp] queue::client b'\x00\xbf\rz\xb5' submitted request '3098dd5b-2326-4141-9e24-4470eecc694a' to 3
2016-01-15 10:51:11.606 [IPControllerApp] queue::request '62709aa7-1864-4284-8e63-f2d18e630e6b' completed on 0
2016-01-15 10:51:11.606 [IPControllerApp] queue::request '9c9281cb-4fe8-4bdb-a0ce-4194abe8995f' completed on 1
2016-01-15 10:51:11.607 [IPControllerApp] queue::request '66f8c10d-767c-439c-8d3f-c14fbca985a2' completed on 2
2016-01-15 10:51:11.608 [IPControllerApp] queue::request '3098dd5b-2326-4141-9e24-4470eecc694a' completed on 3
2016-01-15 10:51:11.611 [IPControllerApp] queue::client b'\x00\xbf\rz\xb5' submitted request '53d24b1c-8fce-4bde-8933-b84e1c1e648d' to 0
2016-01-15 10:51:11.612 [IPControllerApp] queue::client b'\x00\xbf\rz\xb5' submitted request '09d86dc4-d6ca-4dc1-8556-e272ee019644' to 1
2016-01-15 10:51:11.613 [IPControllerApp] queue::client b'\x00\xbf\rz\xb5' submitted request 'be600e5f-c986-4a9e-a3ff-fb2198da1efb' to 2
2016-01-15 10:51:11.614 [IPControllerApp] queue::request '53d24b1c-8fce-4bde-8933-b84e1c1e648d' completed on 0
2016-01-15 10:51:11.614 [IPControllerApp] queue::client b'\x00\xbf\rz\xb5' submitted request '7b24591b-eafb-4579-b599-14e733a96671' to 3
2016-01-15 10:51:11.615 [IPControllerApp] queue::request '09d86dc4-d6ca-4dc1-8556-e272ee019644' completed on 1
2016-01-15 10:51:11.616 [IPControllerApp] queue::request 'be600e5f-c986-4a9e-a3ff-fb2198da1efb' completed on 2
2016-01-15 10:51:11.617 [IPControllerApp] queue::request '7b24591b-eafb-4579-b599-14e733a96671' completed on 3
2016-01-15 10:51:19.633 [IPControllerApp] queue::client b'\x00\xbf\rz\xb5' submitted request '29d3b5e6-c1b3-4740-ae43-1f2fb57063e8' to 0
2016-01-15 10:51:19.633 [IPControllerApp] queue::client b'\x00\xbf\rz\xb5' submitted request '71b10260-e59e-4bc1-ab4a-1a0dec9ee01a' to 1
2016-01-15 10:51:19.634 [IPControllerApp] queue::client b'\x00\xbf\rz\xb5' submitted request 'd5b77d71-0963-4a5b-b2f7-02378c8cc1d8' to 2
2016-01-15 10:51:19.634 [IPControllerApp] queue::client b'\x00\xbf\rz\xb5' submitted request '9d69eb22-9dc4-412b-955f-94e379ce2f55' to 3
2016-01-15 10:51:19.636 [IPControllerApp] queue::request '29d3b5e6-c1b3-4740-ae43-1f2fb57063e8' completed on 0
2016-01-15 10:51:19.637 [IPControllerApp] queue::request '71b10260-e59e-4bc1-ab4a-1a0dec9ee01a' completed on 1
2016-01-15 10:51:19.638 [IPControllerApp] queue::request 'd5b77d71-0963-4a5b-b2f7-02378c8cc1d8' completed on 2
2016-01-15 10:51:19.638 [IPControllerApp] queue::request '9d69eb22-9dc4-412b-955f-94e379ce2f55' completed on 3
2016-01-15 10:51:31.280 [IPControllerApp] client::client b'\x00\xe0YqR' requested 'connection_request'
2016-01-15 10:51:31.280 [IPControllerApp] client::client [b'\x00\xe0YqR'] connected
2016-01-15 10:51:31.300 [IPControllerApp] queue::client b'\x00\xbf\rz\xb6' submitted request '9d6c3058-1365-46df-950e-ec1cfa3cc9ea' to 0
2016-01-15 10:51:31.301 [IPControllerApp] queue::client b'\x00\xbf\rz\xb6' submitted request '2e8c3c65-7cc1-4fbb-aaae-49cf526d0e5d' to 1
2016-01-15 10:51:31.301 [IPControllerApp] queue::client b'\x00\xbf\rz\xb6' submitted request 'cf277b68-97e6-40ee-91e9-c9033505fcda' to 2
2016-01-15 10:51:31.301 [IPControllerApp] queue::client b'\x00\xbf\rz\xb6' submitted request '8bfa1ced-7e45-47aa-98e8-14a34724e4ad' to 3
2016-01-15 10:51:31.304 [IPControllerApp] queue::request '9d6c3058-1365-46df-950e-ec1cfa3cc9ea' completed on 0
2016-01-15 10:51:31.305 [IPControllerApp] queue::request '2e8c3c65-7cc1-4fbb-aaae-49cf526d0e5d' completed on 1
2016-01-15 10:51:31.305 [IPControllerApp] queue::request 'cf277b68-97e6-40ee-91e9-c9033505fcda' completed on 2
2016-01-15 10:51:31.306 [IPControllerApp] queue::request '8bfa1ced-7e45-47aa-98e8-14a34724e4ad' completed on 3
2016-01-15 10:51:31.308 [IPControllerApp] queue::client b'\x00\xbf\rz\xb6' submitted request 'dd85ff40-82b5-4305-84bb-adab402d2bac' to 0
2016-01-15 10:51:31.308 [IPControllerApp] queue::client b'\x00\xbf\rz\xb6' submitted request '7c82e560-b21a-4d74-aaf0-9576ebe1d3aa' to 1
2016-01-15 10:51:31.308 [IPControllerApp] queue::client b'\x00\xbf\rz\xb6' submitted request '8035ba0d-f56c-41a6-b4fa-12a2a7d8efef' to 2
2016-01-15 10:51:31.309 [IPControllerApp] queue::client b'\x00\xbf\rz\xb6' submitted request 'd75ebc30-5927-40ad-9b25-2366dca2e54a' to 3
2016-01-15 10:51:31.312 [IPControllerApp] queue::request 'dd85ff40-82b5-4305-84bb-adab402d2bac' completed on 0
2016-01-15 10:51:31.313 [IPControllerApp] queue::request '7c82e560-b21a-4d74-aaf0-9576ebe1d3aa' completed on 1
2016-01-15 10:51:31.313 [IPControllerApp] queue::request '8035ba0d-f56c-41a6-b4fa-12a2a7d8efef' completed on 2
2016-01-15 10:51:31.314 [IPControllerApp] queue::request 'd75ebc30-5927-40ad-9b25-2366dca2e54a' completed on 3
2016-01-15 10:51:31.317 [IPControllerApp] queue::client b'\x00\xbf\rz\xb6' submitted request '1c27f9cd-f629-4d90-b658-c0ade5e20800' to 0
2016-01-15 10:51:31.318 [IPControllerApp] queue::client b'\x00\xbf\rz\xb6' submitted request '66bcb481-7c35-4fdf-b273-9fa60fe4303a' to 1
2016-01-15 10:51:31.320 [IPControllerApp] queue::client b'\x00\xbf\rz\xb6' submitted request '76afa598-b422-4d22-a012-164b693c9532' to 2
2016-01-15 10:51:31.320 [IPControllerApp] queue::request '1c27f9cd-f629-4d90-b658-c0ade5e20800' completed on 0
2016-01-15 10:51:31.321 [IPControllerApp] queue::client b'\x00\xbf\rz\xb6' submitted request '8c29cdb4-fdc0-42a7-856e-cdc34598bcca' to 3
2016-01-15 10:51:31.322 [IPControllerApp] queue::request '66bcb481-7c35-4fdf-b273-9fa60fe4303a' completed on 1
2016-01-15 10:51:31.322 [IPControllerApp] queue::request '76afa598-b422-4d22-a012-164b693c9532' completed on 2
2016-01-15 10:51:31.323 [IPControllerApp] queue::request '8c29cdb4-fdc0-42a7-856e-cdc34598bcca' completed on 3
2016-01-15 10:51:33.512 [IPControllerApp] queue::client b'\x00\xbf\rz\xb6' submitted request '7d91874f-21a2-442b-b782-591a43c1504c' to 0
2016-01-15 10:51:33.512 [IPControllerApp] queue::client b'\x00\xbf\rz\xb6' submitted request 'c512da4d-f822-4195-8da7-e2e5ecc6a74a' to 1
2016-01-15 10:51:33.513 [IPControllerApp] queue::client b'\x00\xbf\rz\xb6' submitted request 'e2908199-729a-4b71-a50b-a07fc22dee2e' to 2
2016-01-15 10:51:33.513 [IPControllerApp] queue::client b'\x00\xbf\rz\xb6' submitted request 'f04df1ea-3c4d-48a8-9a30-af74df9d8427' to 3
2016-01-15 10:51:33.517 [IPControllerApp] queue::request '7d91874f-21a2-442b-b782-591a43c1504c' completed on 0
2016-01-15 10:51:33.517 [IPControllerApp] queue::request 'c512da4d-f822-4195-8da7-e2e5ecc6a74a' completed on 1
2016-01-15 10:51:33.518 [IPControllerApp] queue::request 'e2908199-729a-4b71-a50b-a07fc22dee2e' completed on 2
2016-01-15 10:51:33.519 [IPControllerApp] queue::request 'f04df1ea-3c4d-48a8-9a30-af74df9d8427' completed on 3
2016-01-15 10:51:36.418 [IPControllerApp] client::client b'\x00\xe0YqS' requested 'connection_request'
2016-01-15 10:51:36.418 [IPControllerApp] client::client [b'\x00\xe0YqS'] connected
2016-01-15 10:51:36.423 [IPControllerApp] queue::client b'\x00\xbf\rz\xb7' submitted request 'aa24cad5-5fd8-430f-96bd-a6edf15f4ad0' to 0
2016-01-15 10:51:36.423 [IPControllerApp] queue::client b'\x00\xbf\rz\xb7' submitted request 'e7c6b742-ca0a-44c8-b402-bfbf78811a08' to 1
2016-01-15 10:51:36.423 [IPControllerApp] queue::client b'\x00\xbf\rz\xb7' submitted request '8b5d47fe-4179-4fc4-aa9c-1ba6f49b5688' to 2
2016-01-15 10:51:36.424 [IPControllerApp] queue::client b'\x00\xbf\rz\xb7' submitted request 'ef82866a-de51-487b-93df-27cb895d6cbe' to 3
2016-01-15 10:51:36.426 [IPControllerApp] queue::request 'aa24cad5-5fd8-430f-96bd-a6edf15f4ad0' completed on 0
2016-01-15 10:51:36.427 [IPControllerApp] queue::request 'e7c6b742-ca0a-44c8-b402-bfbf78811a08' completed on 1
2016-01-15 10:51:36.428 [IPControllerApp] queue::request '8b5d47fe-4179-4fc4-aa9c-1ba6f49b5688' completed on 2
2016-01-15 10:51:36.429 [IPControllerApp] queue::request 'ef82866a-de51-487b-93df-27cb895d6cbe' completed on 3
2016-01-15 10:51:36.430 [IPControllerApp] queue::client b'\x00\xbf\rz\xb7' submitted request '27e4f39b-0a08-4946-bceb-0c6ac7029157' to 0
2016-01-15 10:51:36.431 [IPControllerApp] queue::client b'\x00\xbf\rz\xb7' submitted request 'e343c04b-9bd9-4e0f-b5cd-fb3cd967e26e' to 1
2016-01-15 10:51:36.431 [IPControllerApp] queue::client b'\x00\xbf\rz\xb7' submitted request '15037c5a-07f1-4605-a9b1-9f4e1bd0d8a6' to 2
2016-01-15 10:51:36.431 [IPControllerApp] queue::client b'\x00\xbf\rz\xb7' submitted request 'ce943faa-0082-4723-869f-5dd6306d7fbf' to 3
2016-01-15 10:51:36.434 [IPControllerApp] queue::request '27e4f39b-0a08-4946-bceb-0c6ac7029157' completed on 0
2016-01-15 10:51:36.435 [IPControllerApp] queue::request 'e343c04b-9bd9-4e0f-b5cd-fb3cd967e26e' completed on 1
2016-01-15 10:51:36.436 [IPControllerApp] queue::request '15037c5a-07f1-4605-a9b1-9f4e1bd0d8a6' completed on 2
2016-01-15 10:51:36.437 [IPControllerApp] queue::request 'ce943faa-0082-4723-869f-5dd6306d7fbf' completed on 3
2016-01-15 10:51:36.439 [IPControllerApp] queue::client b'\x00\xbf\rz\xb7' submitted request '0ec750b5-6312-4b2a-a646-252d75920e09' to 0
2016-01-15 10:51:36.440 [IPControllerApp] queue::client b'\x00\xbf\rz\xb7' submitted request '3ea10625-e487-425d-aba0-46f9c01430bc' to 1
2016-01-15 10:51:36.441 [IPControllerApp] queue::client b'\x00\xbf\rz\xb7' submitted request '353545e2-a90e-4475-a8d4-e8dcf877760b' to 2
2016-01-15 10:51:36.442 [IPControllerApp] queue::request '0ec750b5-6312-4b2a-a646-252d75920e09' completed on 0
2016-01-15 10:51:36.442 [IPControllerApp] queue::client b'\x00\xbf\rz\xb7' submitted request '0c78440b-b573-48fa-9285-65e71f07f255' to 3
2016-01-15 10:51:36.443 [IPControllerApp] queue::request '3ea10625-e487-425d-aba0-46f9c01430bc' completed on 1
2016-01-15 10:51:36.444 [IPControllerApp] queue::request '353545e2-a90e-4475-a8d4-e8dcf877760b' completed on 2
2016-01-15 10:51:36.445 [IPControllerApp] queue::request '0c78440b-b573-48fa-9285-65e71f07f255' completed on 3
2016-01-15 10:55:46.101 [IPControllerApp] client::client b'\x00\xe0YqT' requested 'connection_request'
2016-01-15 10:55:46.102 [IPControllerApp] client::client [b'\x00\xe0YqT'] connected
2016-01-15 10:55:46.123 [IPControllerApp] queue::client b'\x00\xbf\rz\xb8' submitted request '82b7495c-e2b3-4f16-b583-0b65d2a2e0a2' to 0
2016-01-15 10:55:46.123 [IPControllerApp] queue::client b'\x00\xbf\rz\xb8' submitted request '42f86daf-bc04-430a-9448-0c3df6258460' to 1
2016-01-15 10:55:46.124 [IPControllerApp] queue::client b'\x00\xbf\rz\xb8' submitted request '92937aa9-9195-42d8-a26f-97e06ce07526' to 2
2016-01-15 10:55:46.124 [IPControllerApp] queue::client b'\x00\xbf\rz\xb8' submitted request 'b47b7e64-db99-4476-9e85-3053a7d8bcb8' to 3
2016-01-15 10:55:46.128 [IPControllerApp] queue::request '82b7495c-e2b3-4f16-b583-0b65d2a2e0a2' completed on 0
2016-01-15 10:55:46.128 [IPControllerApp] queue::request '42f86daf-bc04-430a-9448-0c3df6258460' completed on 1
2016-01-15 10:55:46.129 [IPControllerApp] queue::request '92937aa9-9195-42d8-a26f-97e06ce07526' completed on 2
2016-01-15 10:55:46.130 [IPControllerApp] queue::request 'b47b7e64-db99-4476-9e85-3053a7d8bcb8' completed on 3
2016-01-15 10:55:46.133 [IPControllerApp] queue::client b'\x00\xbf\rz\xb8' submitted request '1898ea80-29ee-4eef-829c-3123c71f56bd' to 0
2016-01-15 10:55:46.134 [IPControllerApp] queue::client b'\x00\xbf\rz\xb8' submitted request '171536b1-6f9f-4e3d-a5b9-6f3b59819733' to 1
2016-01-15 10:55:46.135 [IPControllerApp] queue::client b'\x00\xbf\rz\xb8' submitted request 'a8bcf5d2-d13c-41c3-b2d8-50fd6e50daa8' to 2
2016-01-15 10:55:46.136 [IPControllerApp] queue::request '1898ea80-29ee-4eef-829c-3123c71f56bd' completed on 0
2016-01-15 10:55:46.136 [IPControllerApp] queue::client b'\x00\xbf\rz\xb8' submitted request '9376c791-43da-4e4d-a4b0-4e2c63fdee2a' to 3
2016-01-15 10:55:46.137 [IPControllerApp] queue::request '171536b1-6f9f-4e3d-a5b9-6f3b59819733' completed on 1
2016-01-15 10:55:46.138 [IPControllerApp] queue::request 'a8bcf5d2-d13c-41c3-b2d8-50fd6e50daa8' completed on 2
2016-01-15 10:55:46.139 [IPControllerApp] queue::request '9376c791-43da-4e4d-a4b0-4e2c63fdee2a' completed on 3
2016-01-15 10:55:47.138 [IPControllerApp] queue::client b'\x00\xbf\rz\xb8' submitted request '12a69861-eaa4-4df2-b831-43471bb7782b' to 0
2016-01-15 10:55:47.138 [IPControllerApp] queue::client b'\x00\xbf\rz\xb8' submitted request 'e49fca31-dbfc-4d61-9498-59b4f9d1fa88' to 1
2016-01-15 10:55:47.138 [IPControllerApp] queue::client b'\x00\xbf\rz\xb8' submitted request '7ab2667a-04a7-4d8e-8197-2f02d49a0194' to 2
2016-01-15 10:55:47.139 [IPControllerApp] queue::client b'\x00\xbf\rz\xb8' submitted request '0922611a-5bc9-4590-959a-d86c606fae01' to 3
2016-01-15 10:55:47.143 [IPControllerApp] queue::request '12a69861-eaa4-4df2-b831-43471bb7782b' completed on 0
2016-01-15 10:55:47.144 [IPControllerApp] queue::request 'e49fca31-dbfc-4d61-9498-59b4f9d1fa88' completed on 1
2016-01-15 10:55:47.145 [IPControllerApp] queue::request '7ab2667a-04a7-4d8e-8197-2f02d49a0194' completed on 2
2016-01-15 10:55:47.146 [IPControllerApp] queue::request '0922611a-5bc9-4590-959a-d86c606fae01' completed on 3
2016-01-15 10:55:54.282 [IPControllerApp] queue::client b'\x00\xbf\rz\xb8' submitted request '7ec4caee-b484-4198-a1d5-1474dcf3afbd' to 0
2016-01-15 10:55:54.282 [IPControllerApp] queue::client b'\x00\xbf\rz\xb8' submitted request '05cbcdc5-2946-452b-9ec8-adc7f15c683c' to 1
2016-01-15 10:55:54.283 [IPControllerApp] queue::client b'\x00\xbf\rz\xb8' submitted request '48efa865-712d-4eba-b5c2-3ccb608a14b8' to 2
2016-01-15 10:55:54.283 [IPControllerApp] queue::client b'\x00\xbf\rz\xb8' submitted request 'd0a16deb-37e9-4e4c-94da-0c13355e8778' to 3
2016-01-15 10:55:54.286 [IPControllerApp] queue::request '7ec4caee-b484-4198-a1d5-1474dcf3afbd' completed on 0
2016-01-15 10:55:54.287 [IPControllerApp] queue::request '05cbcdc5-2946-452b-9ec8-adc7f15c683c' completed on 1
2016-01-15 10:55:54.287 [IPControllerApp] queue::request '48efa865-712d-4eba-b5c2-3ccb608a14b8' completed on 2
2016-01-15 10:55:54.288 [IPControllerApp] queue::request 'd0a16deb-37e9-4e4c-94da-0c13355e8778' completed on 3
2016-01-15 10:56:18.197 [IPControllerApp] client::client b'\x00\xe0YqU' requested 'connection_request'
2016-01-15 10:56:18.197 [IPControllerApp] client::client [b'\x00\xe0YqU'] connected
2016-01-15 10:56:18.218 [IPControllerApp] queue::client b'\x00\xbf\rz\xb9' submitted request 'bf7af8cb-7430-4d7a-84e4-2e011c62e69d' to 0
2016-01-15 10:56:18.218 [IPControllerApp] queue::client b'\x00\xbf\rz\xb9' submitted request 'b7d94f85-2ab0-42e2-b9ba-30fc5521d7e4' to 1
2016-01-15 10:56:18.219 [IPControllerApp] queue::client b'\x00\xbf\rz\xb9' submitted request '2aaca253-4c60-4f93-9e8a-f41911036b24' to 2
2016-01-15 10:56:18.219 [IPControllerApp] queue::client b'\x00\xbf\rz\xb9' submitted request 'fb795607-9a78-4f03-99c5-042c1d690f43' to 3
2016-01-15 10:56:18.223 [IPControllerApp] queue::request 'bf7af8cb-7430-4d7a-84e4-2e011c62e69d' completed on 0
2016-01-15 10:56:18.223 [IPControllerApp] queue::request 'b7d94f85-2ab0-42e2-b9ba-30fc5521d7e4' completed on 1
2016-01-15 10:56:18.224 [IPControllerApp] queue::request '2aaca253-4c60-4f93-9e8a-f41911036b24' completed on 2
2016-01-15 10:56:18.225 [IPControllerApp] queue::request 'fb795607-9a78-4f03-99c5-042c1d690f43' completed on 3
2016-01-15 10:56:18.228 [IPControllerApp] queue::client b'\x00\xbf\rz\xb9' submitted request '7ed1bd16-2b85-4f30-a79e-531e8825dc4a' to 0
2016-01-15 10:56:18.229 [IPControllerApp] queue::client b'\x00\xbf\rz\xb9' submitted request 'd76d0545-53dc-4e1d-b731-45f5620ef215' to 1
2016-01-15 10:56:18.230 [IPControllerApp] queue::client b'\x00\xbf\rz\xb9' submitted request 'ca650717-00ad-46a7-8186-cc9622e5b80c' to 2
2016-01-15 10:56:18.231 [IPControllerApp] queue::request '7ed1bd16-2b85-4f30-a79e-531e8825dc4a' completed on 0
2016-01-15 10:56:18.231 [IPControllerApp] queue::client b'\x00\xbf\rz\xb9' submitted request '9f36222a-1cd5-4080-9cae-0111e1f6a44b' to 3
2016-01-15 10:56:18.232 [IPControllerApp] queue::request 'd76d0545-53dc-4e1d-b731-45f5620ef215' completed on 1
2016-01-15 10:56:18.233 [IPControllerApp] queue::request 'ca650717-00ad-46a7-8186-cc9622e5b80c' completed on 2
2016-01-15 10:56:18.233 [IPControllerApp] queue::request '9f36222a-1cd5-4080-9cae-0111e1f6a44b' completed on 3
2016-01-15 10:56:19.401 [IPControllerApp] queue::client b'\x00\xbf\rz\xb9' submitted request '2e2ef64f-fdea-4747-8721-8d7f0a195f96' to 0
2016-01-15 10:56:19.402 [IPControllerApp] queue::client b'\x00\xbf\rz\xb9' submitted request '9cefbcae-7170-4531-8c4d-a68dab5b5067' to 1
2016-01-15 10:56:19.402 [IPControllerApp] queue::client b'\x00\xbf\rz\xb9' submitted request '3d299aeb-44ce-4e7d-b1e5-32fc042ffc2b' to 2
2016-01-15 10:56:19.402 [IPControllerApp] queue::client b'\x00\xbf\rz\xb9' submitted request 'a72162b3-174c-45e7-9b4e-574941e14ded' to 3
2016-01-15 10:56:19.406 [IPControllerApp] queue::request '2e2ef64f-fdea-4747-8721-8d7f0a195f96' completed on 0
2016-01-15 10:56:19.407 [IPControllerApp] queue::request '9cefbcae-7170-4531-8c4d-a68dab5b5067' completed on 1
2016-01-15 10:56:19.407 [IPControllerApp] queue::request '3d299aeb-44ce-4e7d-b1e5-32fc042ffc2b' completed on 2
2016-01-15 10:56:19.408 [IPControllerApp] queue::request 'a72162b3-174c-45e7-9b4e-574941e14ded' completed on 3
2016-01-15 10:56:20.266 [IPControllerApp] queue::client b'\x00\xbf\rz\xb9' submitted request '87845961-3566-4c70-aaf5-3973a035dd98' to 0
2016-01-15 10:56:20.266 [IPControllerApp] queue::client b'\x00\xbf\rz\xb9' submitted request '0706eb3f-0dfb-434a-9700-cd6fb2469e69' to 1
2016-01-15 10:56:20.266 [IPControllerApp] queue::client b'\x00\xbf\rz\xb9' submitted request 'd8544f73-9ece-498f-ba85-b8de36e01044' to 2
2016-01-15 10:56:20.267 [IPControllerApp] queue::client b'\x00\xbf\rz\xb9' submitted request '7d5d1cea-fcc6-47ae-a85e-b93232d2ae1a' to 3
2016-01-15 10:56:20.271 [IPControllerApp] queue::request '87845961-3566-4c70-aaf5-3973a035dd98' completed on 0
2016-01-15 10:56:20.271 [IPControllerApp] queue::request '0706eb3f-0dfb-434a-9700-cd6fb2469e69' completed on 1
2016-01-15 10:56:20.272 [IPControllerApp] queue::request 'd8544f73-9ece-498f-ba85-b8de36e01044' completed on 2
2016-01-15 10:56:20.273 [IPControllerApp] queue::request '7d5d1cea-fcc6-47ae-a85e-b93232d2ae1a' completed on 3
2016-01-15 10:57:34.818 [IPControllerApp] queue::client b'\x00\xbf\rz\xb9' submitted request '0ad9d7e2-1c9c-4082-8d8d-12e25773f630' to 0
2016-01-15 10:57:34.819 [IPControllerApp] queue::client b'\x00\xbf\rz\xb9' submitted request '150ddf8e-969e-46b3-9105-02e776df806e' to 1
2016-01-15 10:57:34.819 [IPControllerApp] queue::client b'\x00\xbf\rz\xb9' submitted request 'beeeec91-bd4f-4137-9d22-684bf3007dcc' to 2
2016-01-15 10:57:34.820 [IPControllerApp] queue::client b'\x00\xbf\rz\xb9' submitted request 'aeb13c61-fb7d-4a56-b403-f01e24d60901' to 3
2016-01-15 10:57:34.824 [IPControllerApp] queue::request '0ad9d7e2-1c9c-4082-8d8d-12e25773f630' completed on 0
2016-01-15 10:57:34.824 [IPControllerApp] queue::request '150ddf8e-969e-46b3-9105-02e776df806e' completed on 1
2016-01-15 10:57:34.825 [IPControllerApp] queue::request 'beeeec91-bd4f-4137-9d22-684bf3007dcc' completed on 2
2016-01-15 10:57:34.826 [IPControllerApp] queue::request 'aeb13c61-fb7d-4a56-b403-f01e24d60901' completed on 3
2016-01-15 12:46:44.780 [IPControllerApp] CRITICAL | Received signal 2, shutting down
2016-01-15 12:46:44.781 [IPControllerApp] CRITICAL | terminating children...
