2016-01-13 09:52:31.062 [IPControllerApp] Hub listening on tcp://*:56954 for registration.
2016-01-13 09:52:31.064 [IPControllerApp] Hub using DB backend: 'NoDB'
2016-01-13 09:52:31.328 [IPControllerApp] hub::created hub
2016-01-13 09:52:31.329 [IPControllerApp] writing connection info to /curc/tools/x86_64/rh6/software/python_packages/3.4.3/intel/15.0.2/jupyterhub/0.2.0/Ipython/profile_slurm_04/security/ipcontroller-client.json
2016-01-13 09:52:31.337 [IPControllerApp] writing connection info to /curc/tools/x86_64/rh6/software/python_packages/3.4.3/intel/15.0.2/jupyterhub/0.2.0/Ipython/profile_slurm_04/security/ipcontroller-engine.json
2016-01-13 09:52:31.343 [IPControllerApp] task::using Python leastload Task scheduler
2016-01-13 09:52:31.344 [IPControllerApp] Heartmonitor started
2016-01-13 09:52:31.361 [IPControllerApp] Creating pid file: /curc/tools/x86_64/rh6/software/python_packages/3.4.3/intel/15.0.2/jupyterhub/0.2.0/Ipython/profile_slurm_04/pid/ipcontroller.pid
2016-01-13 09:52:31.366 [IPControllerApp] client::client b'\x00\x8f\x16\xf0\x0b' requested 'connection_request'
2016-01-13 09:52:31.367 [IPControllerApp] client::client [b'\x00\x8f\x16\xf0\x0b'] connected
2016-01-13 09:52:39.231 [IPControllerApp] client::client b'3710c3f8-24f8-42ff-82a5-3667b5da185b' requested 'registration_request'
2016-01-13 09:52:40.218 [IPControllerApp] client::client b'92791bbb-49e0-48fd-abac-855082ca4d3a' requested 'registration_request'
2016-01-13 09:52:40.218 [IPControllerApp] client::client b'8634a85b-7b54-43a6-8bd5-2cb1fa9215f6' requested 'registration_request'
2016-01-13 09:52:40.219 [IPControllerApp] client::client b'47da462b-45fd-4545-a65f-3b4892443cef' requested 'registration_request'
2016-01-13 09:52:43.346 [IPControllerApp] registration::finished registering engine 1:92791bbb-49e0-48fd-abac-855082ca4d3a
2016-01-13 09:52:43.347 [IPControllerApp] engine::Engine Connected: 1
2016-01-13 09:52:43.355 [IPControllerApp] registration::finished registering engine 3:47da462b-45fd-4545-a65f-3b4892443cef
2016-01-13 09:52:43.356 [IPControllerApp] engine::Engine Connected: 3
2016-01-13 09:52:43.359 [IPControllerApp] registration::finished registering engine 2:8634a85b-7b54-43a6-8bd5-2cb1fa9215f6
2016-01-13 09:52:43.360 [IPControllerApp] engine::Engine Connected: 2
2016-01-13 09:52:43.363 [IPControllerApp] registration::finished registering engine 0:3710c3f8-24f8-42ff-82a5-3667b5da185b
2016-01-13 09:52:43.364 [IPControllerApp] engine::Engine Connected: 0
2016-01-13 09:52:53.157 [IPControllerApp] client::client b'\x00\x8f\x16\xf0\x0c' requested 'connection_request'
2016-01-13 09:52:53.157 [IPControllerApp] client::client [b'\x00\x8f\x16\xf0\x0c'] connected
2016-01-13 09:52:53.179 [IPControllerApp] queue::client b'\x00\x0f\x1a\x06\t' submitted request 'f83d1e90-9ee4-4db4-b492-e632270f6da8' to 0
2016-01-13 09:52:53.180 [IPControllerApp] queue::client b'\x00\x0f\x1a\x06\t' submitted request '0b0b5bc7-73de-432a-823b-cb68228f63dc' to 1
2016-01-13 09:52:53.180 [IPControllerApp] queue::client b'\x00\x0f\x1a\x06\t' submitted request '789c38a3-5954-48ba-8ce3-6524fe2700db' to 2
2016-01-13 09:52:53.180 [IPControllerApp] queue::client b'\x00\x0f\x1a\x06\t' submitted request '70819207-ed95-457b-adda-564d89671082' to 3
2016-01-13 09:52:53.185 [IPControllerApp] queue::request 'f83d1e90-9ee4-4db4-b492-e632270f6da8' completed on 0
2016-01-13 09:52:53.186 [IPControllerApp] queue::request '0b0b5bc7-73de-432a-823b-cb68228f63dc' completed on 1
2016-01-13 09:52:53.187 [IPControllerApp] queue::request '789c38a3-5954-48ba-8ce3-6524fe2700db' completed on 2
2016-01-13 09:52:53.188 [IPControllerApp] queue::request '70819207-ed95-457b-adda-564d89671082' completed on 3
2016-01-13 09:52:53.191 [IPControllerApp] queue::client b'\x00\x0f\x1a\x06\t' submitted request '6a11caae-9594-43e9-9cc7-1f84947032b0' to 0
2016-01-13 09:52:53.192 [IPControllerApp] queue::client b'\x00\x0f\x1a\x06\t' submitted request 'd4aed794-810b-4252-80f9-13ede72bc3b7' to 1
2016-01-13 09:52:53.193 [IPControllerApp] queue::client b'\x00\x0f\x1a\x06\t' submitted request '1de23a7d-7b54-4d97-aa43-1288573d50e8' to 2
2016-01-13 09:52:53.194 [IPControllerApp] queue::client b'\x00\x0f\x1a\x06\t' submitted request '7f4332bc-b7b4-4556-be94-4cd78a3127dd' to 3
2016-01-13 09:52:53.194 [IPControllerApp] queue::request '6a11caae-9594-43e9-9cc7-1f84947032b0' completed on 0
2016-01-13 09:52:53.195 [IPControllerApp] queue::request 'd4aed794-810b-4252-80f9-13ede72bc3b7' completed on 1
2016-01-13 09:52:53.196 [IPControllerApp] queue::request '1de23a7d-7b54-4d97-aa43-1288573d50e8' completed on 2
2016-01-13 09:52:53.197 [IPControllerApp] queue::request '7f4332bc-b7b4-4556-be94-4cd78a3127dd' completed on 3
2016-01-13 09:53:49.814 [IPControllerApp] CRITICAL | Received signal 2, shutting down
2016-01-13 09:53:49.814 [IPControllerApp] CRITICAL | terminating children...
